C:\USERS\USER\DOCUMENTS\VISUAL STUDIO 2012\PROJECTS\OPENGL14\OPENGL14\RELEASE\LOADSHADERS.OBJ
C:\USERS\USER\DOCUMENTS\VISUAL STUDIO 2012\PROJECTS\OPENGL14\OPENGL14\RELEASE\LOADBMP.OBJ
C:\USERS\USER\DOCUMENTS\VISUAL STUDIO 2012\PROJECTS\OPENGL14\OPENGL14\RELEASE\MAIN.OBJ
C:\USERS\USER\DOCUMENTS\VISUAL STUDIO 2012\PROJECTS\OPENGL14\OPENGL14\RELEASE\VC110.PDB
C:\USERS\USER\DOCUMENTS\VISUAL STUDIO 2012\PROJECTS\OPENGL14\RELEASE\OPENGL14.EXE
C:\Users\User\documents\visual studio 2012\Projects\OpenGL14\OpenGL14\Release\loadbmp.obj
C:\Users\User\documents\visual studio 2012\Projects\OpenGL14\OpenGL14\Release\LoadShaders.obj
C:\Users\User\documents\visual studio 2012\Projects\OpenGL14\OpenGL14\Release\Main.obj
C:\Users\User\documents\visual studio 2012\Projects\OpenGL14\OpenGL14\Release\cl.command.1.tlog
C:\Users\User\documents\visual studio 2012\Projects\OpenGL14\OpenGL14\Release\CL.read.1.tlog
C:\Users\User\documents\visual studio 2012\Projects\OpenGL14\OpenGL14\Release\CL.write.1.tlog
C:\Users\User\documents\visual studio 2012\Projects\OpenGL14\OpenGL14\Release\link-cvtres.read.1.tlog
C:\Users\User\documents\visual studio 2012\Projects\OpenGL14\OpenGL14\Release\link-cvtres.write.1.tlog
C:\Users\User\documents\visual studio 2012\Projects\OpenGL14\OpenGL14\Release\link-rc.read.1.tlog
C:\Users\User\documents\visual studio 2012\Projects\OpenGL14\OpenGL14\Release\link-rc.write.1.tlog
C:\Users\User\documents\visual studio 2012\Projects\OpenGL14\OpenGL14\Release\link.command.1.tlog
C:\Users\User\documents\visual studio 2012\Projects\OpenGL14\OpenGL14\Release\link.read.1.tlog
C:\Users\User\documents\visual studio 2012\Projects\OpenGL14\OpenGL14\Release\link.write.1.tlog
C:\Users\User\documents\visual studio 2012\Projects\OpenGL14\OpenGL14\Release\vc110.pdb
C:\Users\User\documents\visual studio 2012\Projects\OpenGL14\Release\OpenGL14.exe
