C:\USERS\USER\DOCUMENTS\VISUAL STUDIO 2012\PROJECTS\OPENGL22\OPENGL22\RELEASE\MAIN.OBJ
C:\USERS\USER\DOCUMENTS\VISUAL STUDIO 2012\PROJECTS\OPENGL22\OPENGL22\RELEASE\LOAD_SHADERS.OBJ
C:\USERS\USER\DOCUMENTS\VISUAL STUDIO 2012\PROJECTS\OPENGL22\OPENGL22\RELEASE\VC110.PDB
C:\USERS\USER\DOCUMENTS\VISUAL STUDIO 2012\PROJECTS\OPENGL22\OPENGL22\RELEASE\OBJLOADER.OBJ
C:\USERS\USER\DOCUMENTS\VISUAL STUDIO 2012\PROJECTS\OPENGL22\OPENGL22\RELEASE\CONTROLS.OBJ
C:\USERS\USER\DOCUMENTS\VISUAL STUDIO 2012\PROJECTS\OPENGL22\RELEASE\OPENGL22.EXE
C:\Users\User\Documents\Visual Studio 2012\Projects\OpenGL22\OpenGL22\Release\controls.obj
C:\Users\User\Documents\Visual Studio 2012\Projects\OpenGL22\OpenGL22\Release\load_shaders.obj
C:\Users\User\Documents\Visual Studio 2012\Projects\OpenGL22\OpenGL22\Release\Main.obj
C:\Users\User\Documents\Visual Studio 2012\Projects\OpenGL22\OpenGL22\Release\objloader.obj
C:\Users\User\Documents\Visual Studio 2012\Projects\OpenGL22\OpenGL22\Release\cl.command.1.tlog
C:\Users\User\Documents\Visual Studio 2012\Projects\OpenGL22\OpenGL22\Release\CL.read.1.tlog
C:\Users\User\Documents\Visual Studio 2012\Projects\OpenGL22\OpenGL22\Release\CL.write.1.tlog
C:\Users\User\Documents\Visual Studio 2012\Projects\OpenGL22\OpenGL22\Release\link-cvtres.read.1.tlog
C:\Users\User\Documents\Visual Studio 2012\Projects\OpenGL22\OpenGL22\Release\link-cvtres.write.1.tlog
C:\Users\User\Documents\Visual Studio 2012\Projects\OpenGL22\OpenGL22\Release\link-rc.read.1.tlog
C:\Users\User\Documents\Visual Studio 2012\Projects\OpenGL22\OpenGL22\Release\link-rc.write.1.tlog
C:\Users\User\Documents\Visual Studio 2012\Projects\OpenGL22\OpenGL22\Release\link.command.1.tlog
C:\Users\User\Documents\Visual Studio 2012\Projects\OpenGL22\OpenGL22\Release\link.read.1.tlog
C:\Users\User\Documents\Visual Studio 2012\Projects\OpenGL22\OpenGL22\Release\link.write.1.tlog
C:\Users\User\Documents\Visual Studio 2012\Projects\OpenGL22\OpenGL22\Release\vc110.pdb
C:\Users\User\Documents\Visual Studio 2012\Projects\OpenGL22\Release\OpenGL22.exe
